#
# There is insufficient memory for the Java Runtime Environment to continue.
# Native memory allocation (malloc) failed to allocate 32744 bytes for ChunkPool::allocate
# Possible reasons:
#   The system is out of physical RAM or swap space
#   In 32 bit mode, the process size limit was hit
# Possible solutions:
#   Reduce memory load on the system
#   Increase physical memory or swap space
#   Check if swap backing store is full
#   Use 64 bit Java on a 64 bit OS
#   Decrease Java heap size (-Xmx/-Xms)
#   Decrease number of Java threads
#   Decrease Java thread stack sizes (-Xss)
#   Set larger code cache with -XX:ReservedCodeCacheSize=
#
#  Out of Memory Error (allocation.cpp:273)
]Native frames: (J=compiled Java code, j=interpreted, Vv=VM code, C=native code)


Current CompileTask:
C2:1247296  816       4       java.util.Arrays::binarySearch0 (95 bytes)


---------------  P R O C E S S  ---------------

Java Threads: ( => current thread )
  0x0000000021af4000 JavaThread "TimerQueue" daemon [_thread_blocked, id=7812, stack(0x0000000024d90000,0x0000000024e90000)]
  0x000000000275d800 JavaThread "DestroyJavaVM" [_thread_blocked, id=17932, stack(0x00000000028f0000,0x00000000029f0000)]
  0x0000000021952000 JavaThread "AWT-EventQueue-0" [_thread_blocked, id=23672, stack(0x0000000023750000,0x0000000023850000)]
  0x00000000218d6000 JavaThread "AWT-Windows" daemon [_thread_in_native, id=26660, stack(0x00000000221b0000,0x00000000222b0000)]
  0x00000000218d3000 JavaThread "AWT-Shutdown" [_thread_blocked, id=28324, stack(0x00000000220b0000,0x00000000221b0000)]
  0x00000000218d2800 JavaThread "Java2D Disposer" daemon [_thread_blocked, id=26204, stack(0x0000000021f40000,0x0000000022040000)]
  0x000000001e879000 JavaThread "Service Thread" daemon [_thread_blocked, id=23388, stack(0x00000000213f0000,0x00000000214f0000)]
  0x000000001e7a2000 JavaThread "C1 CompilerThread11" daemon [_thread_blocked, id=13580, stack(0x00000000212f0000,0x00000000213f0000)]
  0x000000001e7a0800 JavaThread "C1 CompilerThread10" daemon [_thread_blocked, id=5056, stack(0x00000000211f0000,0x00000000212f0000)]
  0x000000001e7a4800 JavaThread "C1 CompilerThread9" daemon [_thread_blocked, id=35952, stack(0x00000000210f0000,0x00000000211f0000)]
  0x000000001e7a1000 JavaThread "C1 CompilerThread8" daemon [_thread_blocked, id=5796, stack(0x0000000020ff0000,0x00000000210f0000)]
  0x000000001e79f800 JavaThread "C2 CompilerThread7" daemon [_thread_blocked, id=17336, stack(0x0000000020ef0000,0x0000000020ff0000)]
  0x000000001e79f000 JavaThread "C2 CompilerThread6" daemon [_thread_blocked, id=10960, stack(0x0000000020df0000,0x0000000020ef0000)]
  0x000000001e7a6000 JavaThread "C2 CompilerThread5" daemon [_thread_blocked, id=27920, stack(0x0000000020cf0000,0x0000000020df0000)]
  0x000000001e796000 JavaThread "C2 CompilerThread4" daemon [_thread_blocked, id=34116, stack(0x0000000020bf0000,0x0000000020cf0000)]
  0x000000001e791800 JavaThread "C2 CompilerThread3" daemon [_thread_blocked, id=33240, stack(0x0000000020af0000,0x0000000020bf0000)]
  0x000000001e790800 JavaThread "C2 CompilerThread2" daemon [_thread_blocked, id=16596, stack(0x00000000209f0000,0x0000000020af0000)]
  0x000000001e790000 JavaThread "C2 CompilerThread1" daemon [_thread_blocked, id=6836, stack(0x00000000208f0000,0x00000000209f0000)]
=>0x000000001e78b000 JavaThread "C2 CompilerThread0" daemon [_thread_in_native, id=38880, stack(0x00000000207f0000,0x00000000208f0000)]
  0x000000001e78a000 JavaThread "Attach Listener" daemon [_thread_blocked, id=8524, stack(0x00000000206f0000,0x00000000207f0000)]
  0x000000001e789800 JavaThread "Signal Dispatcher" daemon [_thread_blocked, id=38844, stack(0x00000000205f0000,0x00000000206f0000)]
  0x000000001e778800 JavaThread "Finalizer" daemon [_thread_blocked, id=25940, stack(0x00000000203f0000,0x00000000204f0000)]
  0x000000001cab3800 JavaThread "Reference Handler" daemon [_thread_blocked, id=19364, stack(0x00000000202f0000,0x00000000203f0000)]

Other Threads:
  0x000000001e755800 VMThread [stack: 0x00000000201f0000,0x00000000202f0000] [id=24192]
  0x000000001e87b800 WatcherThread [stack: 0x00000000214f0000,0x00000000215f0000] [id=17636]

VM state:not at safepoint (normal execution)

VM Mutex/Monitor currently owned by a thread: None

Heap:
 PSYoungGen      total 75264K, used 26784K [0x000000076c000000, 0x0000000771400000, 0x00000007c0000000)
  eden space 64512K, 41% used [0x000000076c000000,0x000000076da282a0,0x000000076ff00000)
  from space 10752K, 0% used [0x0000000770980000,0x0000000770980000,0x0000000771400000)
  to   space 10752K, 0% used [0x000000076ff00000,0x000000076ff00000,0x0000000770980000)
 ParOldGen       total 172032K, used 0K [0x00000006c4000000, 0x00000006ce800000, 0x000000076c000000)
  object space 172032K, 0% used [0x00000006c4000000,0x00000006c4000000,0x00000006ce800000)
 Metaspace       used 10750K, capacity 10926K, committed 11136K, reserved 1058816K
  class space    used 1296K, capacity 1381K, committed 1408K, reserved 1048576K

Card table byte_map: [0x0000000011eb0000,0x00000000126a0000] byte_map_base: 0x000000000e890000

Marking Bits: (ParMarkBitMap*) 0x0000000059daa6c0
 Begin Bits: [0x0000000013ae0000, 0x00000000179e0000)
 End Bits:   [0x00000000179e0000, 0x000000001b8e0000)

Polling page: 0x0000000000860000

CodeCache: size=245760Kb used=4741Kb max_used=4741Kb free=241018Kb
 bounds [0x0000000002af0000, 0x0000000002fa0000, 0x0000000011af0000]
 total_blobs=1290 nmethods=815 adapters=385
 compilation: enabled

Compilation events (10 events):
Event: 2.092 Thread 0x000000001e7a2000  813       3       java.awt.EventDispatchThread$HierarchyEventFilter::acceptEvent (225 bytes)
Event: 2.092 Thread 0x000000001e7a1000 nmethod 812 0x0000000002f8aa90 code [0x0000000002f8ac20, 0x0000000002f8b388]
Event: 2.092 Thread 0x000000001e7a1000  814       3       sun.awt.dnd.SunDragSourceContextPeer::checkEvent (29 bytes)
Event: 2.092 Thread 0x000000001e7a4800 nmethod 811 0x0000000002f8b590 code [0x0000000002f8b7c0, 0x0000000002f8c1a8]
Event: 2.092 Thread 0x000000001e7a1000 nmethod 814 0x0000000002f8c650 code [0x0000000002f8c7c0, 0x0000000002f8cc90]
Event: 2.094 Thread 0x000000001e7a2000 nmethod 813 0x0000000002f8cd10 code [0x0000000002f8cf40, 0x0000000002f8e1a8]
Event: 2.096 Thread 0x000000001e7a0800 nmethod 809 0x0000000002f8e4d0 code [0x0000000002f8e8c0, 0x0000000002f90ca8]
Event: 2.429 Thread 0x000000001e7a4800  815       3       java.lang.Thread::interrupted (8 bytes)
Event: 2.429 Thread 0x000000001e7a4800 nmethod 815 0x0000000002f927d0 code [0x0000000002f92940, 0x0000000002f92ac8]
Event: 1247.283 Thread 0x000000001e78b000  816       4       java.util.Arrays::binarySearch0 (95 bytes)

GC Heap History (0 events):
No events

Deoptimization events (2 events):
Event: 0.353 Thread 0x0000000021952000 Uncommon trap: reason=unstable_if action=reinterpret pc=0x0000000002e8719c method=java.lang.CharacterData.of(I)Ljava/lang/CharacterData; @ 4
Event: 0.362 Thread 0x0000000021952000 Uncommon trap: reason=unstable_if action=reinterpret pc=0x0000000002f3c67c method=java.lang.Character.isSurrogate(C)Z @ 3

Internal exceptions (10 events):
Event: 0.023 Thread 0x000000000275d800 Exception <a 'java/lang/NoSuchMethodError': Method sun.misc.Unsafe.defineClass(Ljava/lang/String;[BII)Ljava/lang/Class; name or signature does not match> (0x000000076c007c78) thrown at [C:\re\workspace\8-2-build-windows-amd64-cygwin\jdk8u111\7883\hotspot\
Event: 0.023 Thread 0x000000000275d800 Exception <a 'java/lang/NoSuchMethodError': Method sun.misc.Unsafe.prefetchRead(Ljava/lang/Object;J)V name or signature does not match> (0x000000076c007f60) thrown at [C:\re\workspace\8-2-build-windows-amd64-cygwin\jdk8u111\7883\hotspot\src\share\vm\prims
Event: 0.065 Thread 0x000000000275d800 Exception <a 'java/security/PrivilegedActionException'> (0x000000076c0861f0) thrown at [C:\re\workspace\8-2-build-windows-amd64-cygwin\jdk8u111\7883\hotspot\src\share\vm\prims\jvm.cpp, line 1386]
Event: 0.065 Thread 0x000000000275d800 Exception <a 'java/security/PrivilegedActionException'> (0x000000076c086400) thrown at [C:\re\workspace\8-2-build-windows-amd64-cygwin\jdk8u111\7883\hotspot\src\share\vm\prims\jvm.cpp, line 1386]
Event: 0.065 Thread 0x000000000275d800 Exception <a 'java/security/PrivilegedActionException'> (0x000000076c08a2e8) thrown at [C:\re\workspace\8-2-build-windows-amd64-cygwin\jdk8u111\7883\hotspot\src\share\vm\prims\jvm.cpp, line 1386]
Event: 0.065 Thread 0x000000000275d800 Exception <a 'java/security/PrivilegedActionException'> (0x000000076c08a4f8) thrown at [C:\re\workspace\8-2-build-windows-amd64-cygwin\jdk8u111\7883\hotspot\src\share\vm\prims\jvm.cpp, line 1386]
Event: 0.071 Thread 0x000000000275d800 Exception <a 'java/io/FileNotFoundException'> (0x000000076c091158) thrown at [C:\re\workspace\8-2-build-windows-amd64-cygwin\jdk8u111\7883\hotspot\src\share\vm\prims\jni.cpp, line 709]
Event: 0.098 Thread 0x000000000275d800 Exception <a 'java/lang/NoSuchFieldError': method resolution failed> (0x000000076c3e45c8) thrown at [C:\re\workspace\8-2-build-windows-amd64-cygwin\jdk8u111\7883\hotspot\src\share\vm\prims\methodHandles.cpp, line 1146]
Event: 0.100 Thread 0x000000000275d800 Exception <a 'java/lang/NoSuchFieldError': method resolution failed> (0x000000076c3f1968) thrown at [C:\re\workspace\8-2-build-windows-amd64-cygwin\jdk8u111\7883\hotspot\src\share\vm\prims\methodHandles.cpp, line 1146]
Event: 0.127 Thread 0x000000000275d800 Exception <a 'java/io/FileNotFoundException'> (0x000000076c4861f8) thrown at [C:\re\workspace\8-2-build-windows-amd64-cygwin\jdk8u111\7883\hotspot\src\share\vm\prims\jni.cpp, line 709]

Events (10 events):
Event: 4.096 Executing VM operation: EnableBiasedLocking done
Event: 5.180 Thread 0x00000000218ec000 Thread exited: 0x00000000218ec000
Event: 1247.271 loading class sun/awt/windows/WToolkit$3
Event: 1247.272 loading class sun/awt/windows/WToolkit$3 done
Event: 1247.281 loading class java/util/WeakHashMap$KeyIterator
Event: 1247.281 loading class java/util/WeakHashMap$HashIterator
Event: 1247.281 loading class java/util/WeakHashMap$HashIterator done
Event: 1247.281 loading class java/util/WeakHashMap$KeyIterator done
Event: 1247.284 loading class javax/swing/RepaintManager$DisplayChangedRunnable
Event: 1247.284 loading class javax/swing/RepaintManager$DisplayChangedRunnable done


Dynamic libraries:
0x00007ff6c3110000 - 0x00007ff6c3147000 	C:\Program Files\Java\jdk1.8.0_111\bin\java.exe
0x00007ffb76570000 - 0x00007ffb76787000 	C:\Windows\SYSTEM32\ntdll.dll
0x00007ffb74da0000 - 0x00007ffb74e64000 	C:\Windows\System32\KERNEL32.DLL
0x00007ffb73c80000 - 0x00007ffb7402d000 	C:\Windows\System32\KERNELBASE.dll
0x00007ffb76310000 - 0x00007ffb763c2000 	C:\Windows\System32\ADVAPI32.dll
0x00007ffb75f60000 - 0x00007ffb76007000 	C:\Windows\System32\msvcrt.dll
0x00007ffb75eb0000 - 0x00007ffb75f59000 	C:\Windows\System32\sechost.dll
0x00007ffb74150000 - 0x00007ffb74178000 	C:\Windows\System32\bcrypt.dll
0x00007ffb74710000 - 0x00007ffb74824000 	C:\Windows\System32\RPCRT4.dll
0x00007ffb76160000 - 0x00007ffb7630e000 	C:\Windows\System32\USER32.dll
0x00007ffb73910000 - 0x00007ffb73936000 	C:\Windows\System32\win32u.dll
0x00007ffb76130000 - 0x00007ffb76159000 	C:\Windows\System32\GDI32.dll
0x00007ffb74180000 - 0x00007ffb74299000 	C:\Windows\System32\gdi32full.dll
0x00007ffb73be0000 - 0x00007ffb73c7a000 	C:\Windows\System32\msvcp_win.dll
0x00007ffb74030000 - 0x00007ffb74141000 	C:\Windows\System32\ucrtbase.dll
0x00007ffb47860000 - 0x00007ffb47af3000 	C:\Windows\WinSxS\amd64_microsoft.windows.common-controls_6595b64144ccf1df_6.0.22621.3672_none_2713b9d173822955\COMCTL32.dll
0x00007ffb744c0000 - 0x00007ffb744f1000 	C:\Windows\System32\IMM32.DLL
0x00000000594b0000 - 0x0000000059582000 	C:\Program Files\Java\jdk1.8.0_111\jre\bin\msvcr100.dll
0x0000000059590000 - 0x0000000059e2a000 	C:\Program Files\Java\jdk1.8.0_111\jre\bin\server\jvm.dll
0x00007ffb74ef0000 - 0x00007ffb74ef8000 	C:\Windows\System32\PSAPI.DLL
0x00007ffb54c30000 - 0x00007ffb54c39000 	C:\Windows\SYSTEM32\WSOCK32.dll
0x00007ffb74e70000 - 0x00007ffb74ee1000 	C:\Windows\System32\WS2_32.dll
0x00007ffb6a030000 - 0x00007ffb6a064000 	C:\Windows\SYSTEM32\WINMM.dll
0x00007ffb65ed0000 - 0x00007ffb65eda000 	C:\Windows\SYSTEM32\VERSION.dll
0x0000000059460000 - 0x000000005946f000 	C:\Program Files\Java\jdk1.8.0_111\jre\bin\verify.dll
0x0000000059430000 - 0x0000000059459000 	C:\Program Files\Java\jdk1.8.0_111\jre\bin\java.dll
0x0000000059410000 - 0x0000000059426000 	C:\Program Files\Java\jdk1.8.0_111\jre\bin\zip.dll
0x00007ffb75640000 - 0x00007ffb75ea7000 	C:\Windows\System32\SHELL32.dll
0x00007ffb717e0000 - 0x00007ffb720df000 	C:\Windows\SYSTEM32\windows.storage.dll
0x00007ffb74a10000 - 0x00007ffb74d9e000 	C:\Windows\System32\combase.dll
0x00007ffb716a0000 - 0x00007ffb717df000 	C:\Windows\SYSTEM32\wintypes.dll
0x00007ffb745b0000 - 0x00007ffb746a9000 	C:\Windows\System32\SHCORE.dll
0x00007ffb742b0000 - 0x00007ffb7430e000 	C:\Windows\System32\shlwapi.dll
0x00007ffb737c0000 - 0x00007ffb737e7000 	C:\Windows\SYSTEM32\profapi.dll
0x0000000059230000 - 0x00000000593c8000 	C:\Program Files\Java\jdk1.8.0_111\jre\bin\awt.dll
0x00007ffb75560000 - 0x00007ffb75637000 	C:\Windows\System32\OLEAUT32.dll
0x00007ffb6c030000 - 0x00007ffb6c0c7000 	C:\Windows\SYSTEM32\apphelp.dll
0x00007ffb6dee0000 - 0x00007ffb6df0b000 	C:\Windows\system32\DWMAPI.DLL
0x00007ffb6dc50000 - 0x00007ffb6dd01000 	C:\Windows\system32\uxtheme.dll
0x00007ffb763d0000 - 0x00007ffb7652e000 	C:\Windows\System32\MSCTF.dll
0x00007ffb74310000 - 0x00007ffb744b5000 	C:\Windows\System32\ole32.dll
0x00007ffb729d0000 - 0x00007ffb729e8000 	C:\Windows\SYSTEM32\kernel.appcore.dll
0x00007ffb73890000 - 0x00007ffb7390b000 	C:\Windows\System32\bcryptPrimitives.dll
0x00000000591e0000 - 0x0000000059227000 	C:\Program Files\Java\jdk1.8.0_111\jre\bin\fontmanager.dll
0x00007ffb76010000 - 0x00007ffb760c0000 	C:\Windows\System32\clbcatq.dll
0x00007ffb6da50000 - 0x00007ffb6dc01000 	C:\Windows\SYSTEM32\WindowsCodecs.dll
0x00007ffb48070000 - 0x00007ffb480ce000 	C:\Windows\system32\dataexchange.dll
0x00007ffb67620000 - 0x00007ffb678aa000 	C:\Windows\system32\twinapi.appcore.dll
0x00007ffb46490000 - 0x00007ffb465d3000 	C:\Windows\SYSTEM32\textinputframework.dll
0x00007ffb2be70000 - 0x00007ffb2c2b9000 	C:\Windows\System32\uiautomationcore.dll
0x00007ffb5d200000 - 0x00007ffb5d269000 	C:\Windows\System32\OLEACC.dll
0x00000000593f0000 - 0x000000005940a000 	C:\Program Files\Java\jdk1.8.0_111\jre\bin\net.dll
0x00007ffb72e40000 - 0x00007ffb72ea9000 	C:\Windows\system32\mswsock.dll
0x00000000593d0000 - 0x00000000593e1000 	C:\Program Files\Java\jdk1.8.0_111\jre\bin\nio.dll
0x0000000059190000 - 0x00000000591d2000 	C:\Program Files\Java\jdk1.8.0_111\jre\bin\t2k.dll
0x00007ffb6be30000 - 0x00007ffb6bf63000 	C:\Windows\SYSTEM32\CoreMessaging.dll
0x00007ffb688a0000 - 0x00007ffb68c0d000 	C:\Windows\SYSTEM32\CoreUIComponents.dll
0x00007ffb730b0000 - 0x00007ffb730bc000 	C:\Windows\SYSTEM32\CRYPTBASE.DLL

VM Arguments:
jvm_args: -Dfile.encoding=UTF-8 
java_command: bank.management.system.Login
java_class_path (initial): E:\LHD\Java Folder\Bank Management System\build\classes
Launcher Type: SUN_STANDARD

Environment Variables:
PATH=C:\ProgramData\Oracle\Java\javapath;C:\Program Files (x86)\Common Files\Oracle\Java\java8path;C:\Program Files (x86)\Common Files\Oracle\Java\javapath;C:\Windows\system32;C:\Windows;C:\Windows\System32\Wbem;C:\Windows\System32\WindowsPowerShell\v1.0\;C:\Windows\System32\OpenSSH\;C:\Program Files\nodejs\;C:\MinGW\bin;C:\Program Files\MySQL\MySQL Server 5.0\bin;C:\Program Files\Git\cmd;C:\Users\Mohammed Arshad\AppData\Local\Microsoft\WindowsApps;C:\Users\Mohammed Arshad\AppData\Roaming\npm;C:\MinGW\bin;C:\Users\Mohammed Arshad\AppData\Local\Programs\Microsoft VS Code\bin;C:\Program Files\Java\jdk-1.8\bin;
USERNAME=Mohammed Arshad
OS=Windows_NT
PROCESSOR_IDENTIFIER=Intel64 Family 6 Model 186 Stepping 2, GenuineIntel



---------------  S Y S T E M  ---------------

OS: Windows 10.0 , 64 bit Build 22621 (10.0.22621.3958)

CPU:total 20 (10 cores per cpu, 2 threads per core) family 6 model 186 stepping 2, cmov, cx8, fxsr, mmx, sse, sse2, sse3, ssse3, sse4.1, sse4.2, popcnt, avx, avx2, aes, clmul, erms, 3dnowpref, lzcnt, ht, tsc, tscinvbit, bmi1, bmi2, adx

Memory: 4k page, physical 16511864k(2842120k free), swap 49085940k(44k free)

vm_info: Java HotSpot(TM) 64-Bit Server VM (25.111-b14) for windows-amd64 JRE (1.8.0_111-b14), built on Sep 22 2016 19:24:05 by "java_re" with MS VC++ 10.0 (VS2010)

time: Tue Sep 17 14:43:07 2024
elapsed time: 1247 seconds (0d 0h 20m 47s)

