#
# There is insufficient memory for the Java Runtime Environment to continue.
# Native memory allocation (malloc) failed to allocate 32744 bytes for ChunkPool::allocate
# Possible reasons:
#   The system is out of physical RAM or swap space
#   In 32 bit mode, the process size limit was hit
# Possible solutions:
#   Reduce memory load on the system
#   Increase physical memory or swap space
#   Check if swap backing store is full
#   Use 64 bit Java on a 64 bit OS
#   Decrease Java heap size (-Xmx/-Xms)
#   Decrease number of Java threads
#   Decrease Java thread stack sizes (-Xss)
#   Set larger code cache with -XX:ReservedCodeCacheSize=
# This output file may be truncated or incomplete.
#
#  Out of Memory Error (allocation.cpp:273), pid=24752, tid=0x0000000000008f34
#
# JRE version: Java(TM) SE Runtime Environment (8.0_111-b14) (build 1.8.0_111-b14)
# Java VM: Java HotSpot(TM) 64-Bit Server VM (25.111-b14 mixed mode windows-amd64 compressed oops)
# Failed to write core dump. Minidumps are not enabled by default on client versions of Windows
#

---------------  T H R E A D  ---------------

Current thread (0x000000001eb8b000):  JavaThread "C2 CompilerThread0" daemon [_thread_in_native, id=36660, stack(0x0000000020bf0000,0x0000000020cf0000)]

Stack: [0x0000000020bf0000,0x0000000020cf0000]
[error occurred during error reporting (printing stack bounds), id 0xc0000005]

Native frames: (J=compiled Java code, j=interpreted, Vv=VM code, C=native code)


Current CompileTask:
C2:2887578  912       4       java.util.Arrays::binarySearch0 (95 bytes)


---------------  P R O C E S S  ---------------

Java Threads: ( => current thread )
  0x0000000002c4d800 JavaThread "DestroyJavaVM" [_thread_blocked, id=33184, stack(0x0000000002c90000,0x0000000002d90000)]
  0x0000000021cec000 JavaThread "AWT-EventQueue-0" [_thread_in_native, id=32552, stack(0x0000000023b30000,0x0000000023c30000)]
  0x0000000021c6c800 JavaThread "AWT-Windows" daemon [_thread_in_native, id=9584, stack(0x0000000022590000,0x0000000022690000)]
  0x0000000021c27000 JavaThread "AWT-Shutdown" [_thread_blocked, id=26848, stack(0x0000000022490000,0x0000000022590000)]
  0x0000000021c26000 JavaThread "Java2D Disposer" daemon [_thread_blocked, id=29868, stack(0x0000000022340000,0x0000000022440000)]
  0x000000001ec5d000 JavaThread "Service Thread" daemon [_thread_blocked, id=23796, stack(0x00000000217f0000,0x00000000218f0000)]
  0x000000001ec57800 JavaThread "C1 CompilerThread11" daemon [_thread_blocked, id=9664, stack(0x00000000216f0000,0x00000000217f0000)]
  0x000000001ec1e000 JavaThread "C1 CompilerThread10" daemon [_thread_blocked, id=36304, stack(0x00000000215f0000,0x00000000216f0000)]
  0x000000001ec15800 JavaThread "C1 CompilerThread9" daemon [_thread_blocked, id=26532, stack(0x00000000214f0000,0x00000000215f0000)]
  0x000000001ec14800 JavaThread "C1 CompilerThread8" daemon [_thread_blocked, id=37276, stack(0x00000000213f0000,0x00000000214f0000)]
  0x000000001ec11800 JavaThread "C2 CompilerThread7" daemon [_thread_blocked, id=29460, stack(0x00000000212f0000,0x00000000213f0000)]
  0x000000001ec0f800 JavaThread "C2 CompilerThread6" daemon [_thread_blocked, id=3884, stack(0x00000000211f0000,0x00000000212f0000)]
  0x000000001ec04800 JavaThread "C2 CompilerThread5" daemon [_thread_blocked, id=34976, stack(0x00000000210f0000,0x00000000211f0000)]
  0x000000001ebe9800 JavaThread "C2 CompilerThread4" daemon [_thread_blocked, id=23752, stack(0x0000000020ff0000,0x00000000210f0000)]
  0x000000001eba0800 JavaThread "C2 CompilerThread3" daemon [_thread_blocked, id=32716, stack(0x0000000020ef0000,0x0000000020ff0000)]
  0x000000001eb94000 JavaThread "C2 CompilerThread2" daemon [_thread_blocked, id=34332, stack(0x0000000020df0000,0x0000000020ef0000)]
  0x000000001eb90000 JavaThread "C2 CompilerThread1" daemon [_thread_blocked, id=18832, stack(0x0000000020cf0000,0x0000000020df0000)]
=>0x000000001eb8b000 JavaThread "C2 CompilerThread0" daemon [_thread_in_native, id=36660, stack(0x0000000020bf0000,0x0000000020cf0000)]
  0x000000001eb8a000 JavaThread "Attach Listener" daemon [_thread_blocked, id=19844, stack(0x0000000020af0000,0x0000000020bf0000)]
  0x000000001eb89800 JavaThread "Signal Dispatcher" daemon [_thread_blocked, id=16068, stack(0x00000000209f0000,0x0000000020af0000)]
  0x000000001eb78800 JavaThread "Finalizer" daemon [_thread_blocked, id=25052, stack(0x00000000207f0000,0x00000000208f0000)]
  0x000000001cea3800 JavaThread "Reference Handler" daemon [_thread_blocked, id=13468, stack(0x00000000206f0000,0x00000000207f0000)]

Other Threads:
  0x000000001eb55800 VMThread [stack: 0x00000000205f0000,0x00000000206f0000] [id=27112]
  0x000000001ec66800 WatcherThread [stack: 0x00000000218f0000,0x00000000219f0000] [id=15212]

VM state:not at safepoint (normal execution)

VM Mutex/Monitor currently owned by a thread: None

Heap:
 PSYoungGen      total 75264K, used 25494K [0x000000076c000000, 0x0000000771400000, 0x00000007c0000000)
  eden space 64512K, 39% used [0x000000076c000000,0x000000076d8e58a0,0x000000076ff00000)
  from space 10752K, 0% used [0x0000000770980000,0x0000000770980000,0x0000000771400000)
  to   space 10752K, 0% used [0x000000076ff00000,0x000000076ff00000,0x0000000770980000)
 ParOldGen       total 172032K, used 0K [0x00000006c4000000, 0x00000006ce800000, 0x000000076c000000)
  object space 172032K, 0% used [0x00000006c4000000,0x00000006c4000000,0x00000006ce800000)
 Metaspace       used 9888K, capacity 10056K, committed 10240K, reserved 1058816K
  class space    used 1125K, capacity 1220K, committed 1280K, reserved 1048576K

Card table byte_map: [0x0000000012250000,0x0000000012a40000] byte_map_base: 0x000000000ec30000

Marking Bits: (ParMarkBitMap*) 0x0000000059daa6c0
 Begin Bits: [0x0000000013e80000, 0x0000000017d80000)
 End Bits:   [0x0000000017d80000, 0x000000001bc80000)

Polling page: 0x0000000001280000

CodeCache: size=245760Kb used=5226Kb max_used=5238Kb free=240533Kb
 bounds [0x0000000002e90000, 0x00000000033c0000, 0x0000000011e90000]
 total_blobs=1371 nmethods=911 adapters=370
 compilation: enabled

Compilation events (10 events):
Event: 7.278 Thread 0x000000001eba0800  908   !   4       sun.awt.AWTAutoShutdown::setToolkitBusy (124 bytes)
Event: 7.285 Thread 0x000000001eba0800 nmethod 908 0x00000000033aa710 code [0x00000000033aa860, 0x00000000033aae58]
Event: 7.296 Thread 0x000000001eb94000 nmethod 907 0x00000000033b0910 code [0x00000000033b0b20, 0x00000000033b1888]
Event: 7.298 Thread 0x000000001eba0800  909       4       java.util.concurrent.locks.ReentrantLock$Sync::tryRelease (45 bytes)
Event: 7.299 Thread 0x000000001eba0800 nmethod 909 0x00000000033a0250 code [0x00000000033a0380, 0x00000000033a0458]
Event: 7.320 Thread 0x000000001eb90000  910       4       sun.awt.AppContext::getAppContext (51 bytes)
Event: 7.321 Thread 0x000000001eb90000 nmethod 910 0x000000000339ffd0 code [0x00000000033a0100, 0x00000000033a0198]
Event: 2887.536 Thread 0x000000001ec57800  911       3       java.lang.Math::max (11 bytes)
Event: 2887.537 Thread 0x000000001ec57800 nmethod 911 0x00000000033aa3d0 code [0x00000000033aa520, 0x00000000033aa6b0]
Event: 2887.573 Thread 0x000000001eb8b000  912       4       java.util.Arrays::binarySearch0 (95 bytes)

GC Heap History (0 events):
No events

Deoptimization events (6 events):
Event: 0.662 Thread 0x0000000021cec000 Uncommon trap: reason=unstable_if action=reinterpret pc=0x000000000321d660 method=java.lang.CharacterData.of(I)Ljava/lang/CharacterData; @ 4
Event: 0.726 Thread 0x0000000021cec000 Uncommon trap: reason=unstable_if action=reinterpret pc=0x00000000032dc368 method=java.lang.Character.isSurrogate(C)Z @ 3
Event: 2.686 Thread 0x0000000021cec000 Uncommon trap: reason=class_check action=maybe_recompile pc=0x0000000003268014 method=java.util.HashMap.getNode(ILjava/lang/Object;)Ljava/util/HashMap$Node; @ 59
Event: 3.008 Thread 0x0000000021cec000 Uncommon trap: reason=class_check action=maybe_recompile pc=0x0000000003268014 method=java.util.HashMap.getNode(ILjava/lang/Object;)Ljava/util/HashMap$Node; @ 59
Event: 3.008 Thread 0x0000000021cec000 Uncommon trap: reason=class_check action=maybe_recompile pc=0x0000000003268014 method=java.util.HashMap.getNode(ILjava/lang/Object;)Ljava/util/HashMap$Node; @ 59
Event: 3.008 Thread 0x0000000021cec000 Uncommon trap: reason=class_check action=maybe_recompile pc=0x0000000003268014 method=java.util.HashMap.getNode(ILjava/lang/Object;)Ljava/util/HashMap$Node; @ 59

Internal exceptions (10 events):
Event: 0.030 Thread 0x0000000002c4d800 Exception <a 'java/lang/NoSuchMethodError': Method sun.misc.Unsafe.defineClass(Ljava/lang/String;[BII)Ljava/lang/Class; name or signature does not match> (0x000000076c007c78) thrown at [C:\re\workspace\8-2-build-windows-amd64-cygwin\jdk8u111\7883\hotspot\
Event: 0.030 Thread 0x0000000002c4d800 Exception <a 'java/lang/NoSuchMethodError': Method sun.misc.Unsafe.prefetchRead(Ljava/lang/Object;J)V name or signature does not match> (0x000000076c007f60) thrown at [C:\re\workspace\8-2-build-windows-amd64-cygwin\jdk8u111\7883\hotspot\src\share\vm\prims
Event: 0.134 Thread 0x0000000002c4d800 Exception <a 'java/security/PrivilegedActionException'> (0x000000076c085ce0) thrown at [C:\re\workspace\8-2-build-windows-amd64-cygwin\jdk8u111\7883\hotspot\src\share\vm\prims\jvm.cpp, line 1386]
Event: 0.134 Thread 0x0000000002c4d800 Exception <a 'java/security/PrivilegedActionException'> (0x000000076c085ef0) thrown at [C:\re\workspace\8-2-build-windows-amd64-cygwin\jdk8u111\7883\hotspot\src\share\vm\prims\jvm.cpp, line 1386]
Event: 0.138 Thread 0x0000000002c4d800 Exception <a 'java/security/PrivilegedActionException'> (0x000000076c089dd8) thrown at [C:\re\workspace\8-2-build-windows-amd64-cygwin\jdk8u111\7883\hotspot\src\share\vm\prims\jvm.cpp, line 1386]
Event: 0.138 Thread 0x0000000002c4d800 Exception <a 'java/security/PrivilegedActionException'> (0x000000076c089fe8) thrown at [C:\re\workspace\8-2-build-windows-amd64-cygwin\jdk8u111\7883\hotspot\src\share\vm\prims\jvm.cpp, line 1386]
Event: 0.148 Thread 0x0000000002c4d800 Exception <a 'java/io/FileNotFoundException'> (0x000000076c090c48) thrown at [C:\re\workspace\8-2-build-windows-amd64-cygwin\jdk8u111\7883\hotspot\src\share\vm\prims\jni.cpp, line 709]
Event: 0.230 Thread 0x0000000002c4d800 Exception <a 'java/lang/NoSuchFieldError': method resolution failed> (0x000000076c669350) thrown at [C:\re\workspace\8-2-build-windows-amd64-cygwin\jdk8u111\7883\hotspot\src\share\vm\prims\methodHandles.cpp, line 1146]
Event: 0.233 Thread 0x0000000002c4d800 Exception <a 'java/lang/NoSuchFieldError': method resolution failed> (0x000000076c6766f0) thrown at [C:\re\workspace\8-2-build-windows-amd64-cygwin\jdk8u111\7883\hotspot\src\share\vm\prims\methodHandles.cpp, line 1146]
Event: 0.282 Thread 0x0000000002c4d800 Exception <a 'java/io/FileNotFoundException'> (0x000000076c70af80) thrown at [C:\re\workspace\8-2-build-windows-amd64-cygwin\jdk8u111\7883\hotspot\src\share\vm\prims\jni.cpp, line 709]

Events (10 events):
Event: 8.462 loading class java/awt/KeyboardFocusManager$2 done
Event: 8.463 loading class sun/awt/SunToolkit$1
Event: 8.463 loading class sun/awt/SunToolkit$1 done
Event: 2887.487 loading class sun/awt/windows/WToolkit$3
Event: 2887.488 loading class sun/awt/windows/WToolkit$3 done
Event: 2887.534 loading class java/util/WeakHashMap$KeyIterator
Event: 2887.535 loading class java/util/WeakHashMap$HashIterator
Event: 2887.535 loading class java/util/WeakHashMap$HashIterator done
Event: 2887.535 loading class java/util/WeakHashMap$KeyIterator done
Event: 2887.574 loading class javax/swing/RepaintManager$DisplayChangedRunnable


Dynamic libraries:
0x00007ff6c3110000 - 0x00007ff6c3147000 	C:\Program Files\Java\jdk1.8.0_111\bin\java.exe
0x00007ffb76570000 - 0x00007ffb76787000 	C:\Windows\SYSTEM32\ntdll.dll
0x00007ffb74da0000 - 0x00007ffb74e64000 	C:\Windows\System32\KERNEL32.DLL
0x00007ffb73c80000 - 0x00007ffb7402d000 	C:\Windows\System32\KERNELBASE.dll
0x00007ffb76310000 - 0x00007ffb763c2000 	C:\Windows\System32\ADVAPI32.dll
0x00007ffb75f60000 - 0x00007ffb76007000 	C:\Windows\System32\msvcrt.dll
0x00007ffb75eb0000 - 0x00007ffb75f59000 	C:\Windows\System32\sechost.dll
0x00007ffb74150000 - 0x00007ffb74178000 	C:\Windows\System32\bcrypt.dll
0x00007ffb74710000 - 0x00007ffb74824000 	C:\Windows\System32\RPCRT4.dll
0x00007ffb76160000 - 0x00007ffb7630e000 	C:\Windows\System32\USER32.dll
0x00007ffb73910000 - 0x00007ffb73936000 	C:\Windows\System32\win32u.dll
0x00007ffb76130000 - 0x00007ffb76159000 	C:\Windows\System32\GDI32.dll
0x00007ffb74180000 - 0x00007ffb74299000 	C:\Windows\System32\gdi32full.dll
0x00007ffb73be0000 - 0x00007ffb73c7a000 	C:\Windows\System32\msvcp_win.dll
0x00007ffb74030000 - 0x00007ffb74141000 	C:\Windows\System32\ucrtbase.dll
0x00007ffb47860000 - 0x00007ffb47af3000 	C:\Windows\WinSxS\amd64_microsoft.windows.common-controls_6595b64144ccf1df_6.0.22621.3672_none_2713b9d173822955\COMCTL32.dll
0x00007ffb744c0000 - 0x00007ffb744f1000 	C:\Windows\System32\IMM32.DLL
0x00000000594b0000 - 0x0000000059582000 	C:\Program Files\Java\jdk1.8.0_111\jre\bin\msvcr100.dll
0x0000000059590000 - 0x0000000059e2a000 	C:\Program Files\Java\jdk1.8.0_111\jre\bin\server\jvm.dll
0x00007ffb74ef0000 - 0x00007ffb74ef8000 	C:\Windows\System32\PSAPI.DLL
0x00007ffb54c30000 - 0x00007ffb54c39000 	C:\Windows\SYSTEM32\WSOCK32.dll
0x00007ffb6a030000 - 0x00007ffb6a064000 	C:\Windows\SYSTEM32\WINMM.dll
0x00007ffb65ed0000 - 0x00007ffb65eda000 	C:\Windows\SYSTEM32\VERSION.dll
0x00007ffb74e70000 - 0x00007ffb74ee1000 	C:\Windows\System32\WS2_32.dll
0x0000000059460000 - 0x000000005946f000 	C:\Program Files\Java\jdk1.8.0_111\jre\bin\verify.dll
0x0000000059430000 - 0x0000000059459000 	C:\Program Files\Java\jdk1.8.0_111\jre\bin\java.dll
0x0000000059410000 - 0x0000000059426000 	C:\Program Files\Java\jdk1.8.0_111\jre\bin\zip.dll
0x00007ffb75640000 - 0x00007ffb75ea7000 	C:\Windows\System32\SHELL32.dll
0x00007ffb717e0000 - 0x00007ffb720df000 	C:\Windows\SYSTEM32\windows.storage.dll
0x00007ffb74a10000 - 0x00007ffb74d9e000 	C:\Windows\System32\combase.dll
0x00007ffb716a0000 - 0x00007ffb717df000 	C:\Windows\SYSTEM32\wintypes.dll
0x00007ffb745b0000 - 0x00007ffb746a9000 	C:\Windows\System32\SHCORE.dll
0x00007ffb742b0000 - 0x00007ffb7430e000 	C:\Windows\System32\shlwapi.dll
0x00007ffb737c0000 - 0x00007ffb737e7000 	C:\Windows\SYSTEM32\profapi.dll
0x0000000059230000 - 0x00000000593c8000 	C:\Program Files\Java\jdk1.8.0_111\jre\bin\awt.dll
0x00007ffb75560000 - 0x00007ffb75637000 	C:\Windows\System32\OLEAUT32.dll
0x00007ffb6c030000 - 0x00007ffb6c0c7000 	C:\Windows\SYSTEM32\apphelp.dll
0x00007ffb6dee0000 - 0x00007ffb6df0b000 	C:\Windows\system32\DWMAPI.DLL
0x00007ffb6dc50000 - 0x00007ffb6dd01000 	C:\Windows\system32\uxtheme.dll
0x00007ffb763d0000 - 0x00007ffb7652e000 	C:\Windows\System32\MSCTF.dll
0x00007ffb74310000 - 0x00007ffb744b5000 	C:\Windows\System32\ole32.dll
0x00007ffb729d0000 - 0x00007ffb729e8000 	C:\Windows\SYSTEM32\kernel.appcore.dll
0x00007ffb73890000 - 0x00007ffb7390b000 	C:\Windows\System32\bcryptPrimitives.dll
0x00000000591e0000 - 0x0000000059227000 	C:\Program Files\Java\jdk1.8.0_111\jre\bin\fontmanager.dll
0x00007ffb46490000 - 0x00007ffb465d3000 	C:\Windows\SYSTEM32\textinputframework.dll
0x00007ffb2be70000 - 0x00007ffb2c2b9000 	C:\Windows\System32\uiautomationcore.dll
0x00007ffb5d200000 - 0x00007ffb5d269000 	C:\Windows\System32\OLEACC.dll
0x00007ffb76010000 - 0x00007ffb760c0000 	C:\Windows\System32\clbcatq.dll
0x00000000593f0000 - 0x000000005940a000 	C:\Program Files\Java\jdk1.8.0_111\jre\bin\net.dll
0x00007ffb72e40000 - 0x00007ffb72ea9000 	C:\Windows\system32\mswsock.dll
0x00000000593d0000 - 0x00000000593e1000 	C:\Program Files\Java\jdk1.8.0_111\jre\bin\nio.dll
0x0000000059190000 - 0x00000000591d2000 	C:\Program Files\Java\jdk1.8.0_111\jre\bin\t2k.dll
0x00007ffb6be30000 - 0x00007ffb6bf63000 	C:\Windows\SYSTEM32\CoreMessaging.dll
0x00007ffb688a0000 - 0x00007ffb68c0d000 	C:\Windows\SYSTEM32\CoreUIComponents.dll
0x00007ffb730b0000 - 0x00007ffb730bc000 	C:\Windows\SYSTEM32\CRYPTBASE.DLL

VM Arguments:
jvm_args: -Dfile.encoding=UTF-8 
java_command: bank.management.system.Login
java_class_path (initial): E:\LHD\Java Folder\Bank Management System\build\classes
Launcher Type: SUN_STANDARD

Environment Variables:
PATH=C:\ProgramData\Oracle\Java\javapath;C:\Program Files (x86)\Common Files\Oracle\Java\java8path;C:\Program Files (x86)\Common Files\Oracle\Java\javapath;C:\Windows\system32;C:\Windows;C:\Windows\System32\Wbem;C:\Windows\System32\WindowsPowerShell\v1.0\;C:\Windows\System32\OpenSSH\;C:\Program Files\nodejs\;C:\MinGW\bin;C:\Program Files\MySQL\MySQL Server 5.0\bin;C:\Program Files\Git\cmd;C:\Users\Mohammed Arshad\AppData\Local\Microsoft\WindowsApps;C:\Users\Mohammed Arshad\AppData\Roaming\npm;C:\MinGW\bin;C:\Users\Mohammed Arshad\AppData\Local\Programs\Microsoft VS Code\bin;C:\Program Files\Java\jdk-1.8\bin;
USERNAME=Mohammed Arshad
OS=Windows_NT
PROCESSOR_IDENTIFIER=Intel64 Family 6 Model 186 Stepping 2, GenuineIntel



---------------  S Y S T E M  ---------------

OS: Windows 10.0 , 64 bit Build 22621 (10.0.22621.3958)

CPU:total 20 (10 cores per cpu, 2 threads per core) family 6 model 186 stepping 2, cmov, cx8, fxsr, mmx, sse, sse2, sse3, ssse3, sse4.1, sse4.2, popcnt, avx, avx2, aes, clmul, erms, 3dnowpref, lzcnt, ht, tsc, tscinvbit, bmi1, bmi2, adx

Memory: 4k page, physical 16511864k(2811008k free), swap 49085940k(0k free)

vm_info: Java HotSpot(TM) 64-Bit Server VM (25.111-b14) for windows-amd64 JRE (1.8.0_111-b14), built on Sep 22 2016 19:24:05 by "java_re" with MS VC++ 10.0 (VS2010)

time: Tue Sep 17 14:43:07 2024
elapsed time: 2887 seconds (0d 0h 48m 7s)

